<?xml version="1.0" encoding="UTF-8"?>
<testng-results total="42" passed="40" failed="2" skipped="0">
  <reporter-output>
  </reporter-output>
  <suite started-at="2024-07-01T15:03:39Z" name="Suite" finished-at="2024-07-01T15:05:44Z" duration-ms="125150">
    <groups>
    </groups>
    <test started-at="2024-07-01T15:03:39Z" name="Test" finished-at="2024-07-01T15:05:44Z" duration-ms="125150">
      <class name="assets.AssetTakeoutSubmitCheck">
        <test-method signature="postCofiguration()" started-at="2024-07-01T15:03:57Z" name="postCofiguration" finished-at="2024-07-01T15:03:58Z" duration-ms="1075" status="PASS">
        </test-method>
        <test-method signature="getallasets()" started-at="2024-07-01T15:04:32Z" name="getallasets" finished-at="2024-07-01T15:04:39Z" duration-ms="7104" status="PASS">
        </test-method>
        <test-method signature="getallasetsdetails()" started-at="2024-07-01T15:05:17Z" name="getallasetsdetails" finished-at="2024-07-01T15:05:18Z" duration-ms="1764" status="PASS">
        </test-method>
        <test-method signature="Assettakeoutsubmitcheck()" started-at="2024-07-01T15:05:41Z" name="Assettakeoutsubmitcheck" finished-at="2024-07-01T15:05:42Z" duration-ms="937" status="PASS">
        </test-method>
      </class>
      <class name="assets.AssetReportDefect">
        <test-method signature="postCofiguration()" started-at="2024-07-01T15:04:01Z" name="postCofiguration" finished-at="2024-07-01T15:04:03Z" duration-ms="1778" status="PASS">
        </test-method>
        <test-method signature="getallasets()" started-at="2024-07-01T15:05:02Z" name="getallasets" finished-at="2024-07-01T15:05:13Z" duration-ms="10839" status="PASS">
        </test-method>
        <test-method signature="getallasetsdetails()" started-at="2024-07-01T15:05:23Z" name="getallasetsdetails" finished-at="2024-07-01T15:05:24Z" duration-ms="1484" status="PASS">
        </test-method>
        <test-method signature="ReportAssetDefect()" started-at="2024-07-01T15:05:43Z" name="ReportAssetDefect" finished-at="2024-07-01T15:05:44Z" duration-ms="915" status="PASS">
        </test-method>
      </class>
      <class name="assets.Getallassetsdetails">
        <test-method signature="postCofiguration()" started-at="2024-07-01T15:03:59Z" name="postCofiguration" finished-at="2024-07-01T15:04:00Z" duration-ms="1184" status="PASS">
        </test-method>
        <test-method signature="getallasets()" started-at="2024-07-01T15:04:46Z" name="getallasets" finished-at="2024-07-01T15:04:54Z" duration-ms="7831" status="PASS">
        </test-method>
        <test-method signature="getallasetsdetails()" started-at="2024-07-01T15:05:20Z" name="getallasetsdetails" finished-at="2024-07-01T15:05:21Z" duration-ms="1490" status="PASS">
        </test-method>
      </class>
      <class name="assets.AssetReturnSubmitCheck">
        <test-method signature="postCofiguration()" started-at="2024-07-01T15:04:00Z" name="postCofiguration" finished-at="2024-07-01T15:04:01Z" duration-ms="1064" status="PASS">
        </test-method>
        <test-method signature="getallasets()" started-at="2024-07-01T15:04:54Z" name="getallasets" finished-at="2024-07-01T15:05:02Z" duration-ms="7693" status="PASS">
        </test-method>
        <test-method signature="getallasetsdetails()" started-at="2024-07-01T15:05:21Z" name="getallasetsdetails" finished-at="2024-07-01T15:05:23Z" duration-ms="1463" status="PASS">
        </test-method>
        <test-method signature="Assettakeoutsubmitcheck()" started-at="2024-07-01T15:05:42Z" name="Assettakeoutsubmitcheck" finished-at="2024-07-01T15:05:43Z" duration-ms="866" status="PASS">
        </test-method>
      </class>
      <class name="assets.Getalltrailers">
        <test-method signature="postCofiguration()" started-at="2024-07-01T15:03:51Z" name="postCofiguration" finished-at="2024-07-01T15:03:53Z" duration-ms="1273" status="PASS">
        </test-method>
        <test-method signature="getalltrailers()" started-at="2024-07-01T15:04:22Z" name="getalltrailers" finished-at="2024-07-01T15:04:23Z" duration-ms="1102" status="PASS">
        </test-method>
      </class>
      <class name="assets.Getallassets">
        <test-method signature="postCofiguration()" started-at="2024-07-01T15:03:50Z" name="postCofiguration" finished-at="2024-07-01T15:03:51Z" duration-ms="1082" status="PASS">
        </test-method>
        <test-method signature="getallasets()" started-at="2024-07-01T15:04:15Z" name="getallasets" finished-at="2024-07-01T15:04:22Z" duration-ms="6964" status="PASS">
        </test-method>
      </class>
      <class name="assets.GetAssetSurveyQuestions">
        <test-method signature="postCofiguration()" started-at="2024-07-01T15:03:48Z" name="postCofiguration" finished-at="2024-07-01T15:03:49Z" duration-ms="1283" status="PASS">
        </test-method>
        <test-method signature="getallasets()" started-at="2024-07-01T15:04:06Z" name="getallasets" finished-at="2024-07-01T15:04:15Z" duration-ms="9334" status="PASS">
        </test-method>
        <test-method signature="getallasetsdetails()" started-at="2024-07-01T15:05:13Z" name="getallasetsdetails" finished-at="2024-07-01T15:05:15Z" duration-ms="1525" status="PASS">
        </test-method>
        <test-method signature="getvehiclesurveyquestions()" started-at="2024-07-01T15:05:25Z" name="getvehiclesurveyquestions" finished-at="2024-07-01T15:05:37Z" duration-ms="11657" status="PASS">
        </test-method>
      </class>
      <class name="assets.Loginapi_credentials">
        <test-method signature="LoginAPIwithvalidcredentials()" started-at="2024-07-01T15:04:03Z" name="LoginAPIwithvalidcredentials" finished-at="2024-07-01T15:04:05Z" duration-ms="1831" status="PASS">
        </test-method>
        <test-method signature="LoginAPIwithinvalidcredentials()" started-at="2024-07-01T15:05:13Z" name="LoginAPIwithinvalidcredentials" finished-at="2024-07-01T15:05:13Z" duration-ms="916" status="PASS">
        </test-method>
        <test-method signature="Loginwithinvalidemail()" started-at="2024-07-01T15:05:24Z" name="Loginwithinvalidemail" finished-at="2024-07-01T15:05:25Z" duration-ms="902" status="PASS">
        </test-method>
      </class>
      <class name="assets.LoginAPI">
        <test-method signature="postCofiguration()" started-at="2024-07-01T15:03:49Z" name="postCofiguration" finished-at="2024-07-01T15:03:50Z" duration-ms="1327" status="PASS">
        </test-method>
      </class>
      <class name="assets.Configuration">
        <test-method signature="postCofiguration()" started-at="2024-07-01T15:03:39Z" name="postCofiguration" finished-at="2024-07-01T15:03:48Z" duration-ms="8929" status="PASS">
        </test-method>
        <test-method signature="ConfigurationAPI()" started-at="2024-07-01T15:04:05Z" name="ConfigurationAPI" finished-at="2024-07-01T15:04:06Z" duration-ms="1273" status="PASS">
        </test-method>
      </class>
      <class name="assets.test">
        <test-method signature="ConfigurationAPI()" started-at="2024-07-01T15:03:54Z" name="ConfigurationAPI" finished-at="2024-07-01T15:03:55Z" duration-ms="1024" status="FAIL">
          <exception class="java.lang.AssertionError">
            <message>
              <![CDATA[expected:<These credentials do not match our records.> but was:<null>]]>
            </message>
            <full-stacktrace>
              <![CDATA[java.lang.AssertionError: expected:<These credentials do not match our records.> but was:<null>
	at org.testng.Assert.fail(Assert.java:89)
	at org.testng.Assert.failNotEquals(Assert.java:489)
	at org.testng.Assert.assertEquals(Assert.java:118)
	at org.testng.Assert.assertEquals(Assert.java:171)
	at org.testng.Assert.assertEquals(Assert.java:181)
	at assets.test.ConfigurationAPI(test.java:42)
	at java.base/jdk.internal.reflect.NativeMethodAccessorImpl.invoke0(Native Method)
	at java.base/jdk.internal.reflect.NativeMethodAccessorImpl.invoke(NativeMethodAccessorImpl.java:77)
	at java.base/jdk.internal.reflect.DelegatingMethodAccessorImpl.invoke(DelegatingMethodAccessorImpl.java:43)
	at java.base/java.lang.reflect.Method.invoke(Method.java:568)
	at org.testng.internal.MethodInvocationHelper.invokeMethod(MethodInvocationHelper.java:80)
	at org.testng.internal.Invoker.invokeMethod(Invoker.java:673)
	at org.testng.internal.Invoker.invokeTestMethod(Invoker.java:842)
	at org.testng.internal.Invoker.invokeTestMethods(Invoker.java:1166)
	at org.testng.internal.TestMethodWorker.invokeTestMethods(TestMethodWorker.java:125)
	at org.testng.internal.TestMethodWorker.run(TestMethodWorker.java:109)
	at org.testng.TestRunner.runWorkers(TestRunner.java:1172)
	at org.testng.TestRunner.privateRun(TestRunner.java:757)
	at org.testng.TestRunner.run(TestRunner.java:608)
	at org.testng.SuiteRunner.runTest(SuiteRunner.java:334)
	at org.testng.SuiteRunner.runSequentially(SuiteRunner.java:329)
	at org.testng.SuiteRunner.privateRun(SuiteRunner.java:291)
	at org.testng.SuiteRunner.run(SuiteRunner.java:240)
	at org.testng.SuiteRunnerWorker.runSuite(SuiteRunnerWorker.java:52)
	at org.testng.SuiteRunnerWorker.run(SuiteRunnerWorker.java:86)
	at org.testng.TestNG.runSuitesSequentially(TestNG.java:1158)
	at org.testng.TestNG.runSuitesLocally(TestNG.java:1083)
	at org.testng.TestNG.run(TestNG.java:999)
	at org.testng.remote.AbstractRemoteTestNG.run(AbstractRemoteTestNG.java:115)
	at org.testng.remote.RemoteTestNG.initAndRun(RemoteTestNG.java:251)
	at org.testng.remote.RemoteTestNG.main(RemoteTestNG.java:77)
]]>
            </full-stacktrace>
          </exception>
        </test-method>
      </class>
      <class name="assets.EntryGateApi">
        <test-method signature="postCofiguration()" started-at="2024-07-01T15:03:55Z" name="postCofiguration" finished-at="2024-07-01T15:03:55Z" duration-ms="705" status="PASS">
        </test-method>
      </class>
      <class name="assets.Notification_Register">
        <test-method signature="postCofiguration()" started-at="2024-07-01T15:03:55Z" name="postCofiguration" finished-at="2024-07-01T15:03:57Z" duration-ms="1234" status="PASS">
        </test-method>
        <test-method signature="notificationRegistration()" started-at="2024-07-01T15:04:31Z" name="notificationRegistration" finished-at="2024-07-01T15:04:32Z" duration-ms="939" status="FAIL">
          <exception class="java.lang.AssertionError">
            <message>
              <![CDATA[Received a 200 response expected:<200> but was:<400>]]>
            </message>
            <full-stacktrace>
              <![CDATA[java.lang.AssertionError: Received a 200 response expected:<200> but was:<400>
	at org.testng.Assert.fail(Assert.java:89)
	at org.testng.Assert.failNotEquals(Assert.java:489)
	at org.testng.Assert.assertEquals(Assert.java:118)
	at org.testng.Assert.assertEquals(Assert.java:365)
	at assets.Notification_Register.notificationRegistration(Notification_Register.java:39)
	at java.base/jdk.internal.reflect.NativeMethodAccessorImpl.invoke0(Native Method)
	at java.base/jdk.internal.reflect.NativeMethodAccessorImpl.invoke(NativeMethodAccessorImpl.java:77)
	at java.base/jdk.internal.reflect.DelegatingMethodAccessorImpl.invoke(DelegatingMethodAccessorImpl.java:43)
	at java.base/java.lang.reflect.Method.invoke(Method.java:568)
	at org.testng.internal.MethodInvocationHelper.invokeMethod(MethodInvocationHelper.java:80)
	at org.testng.internal.Invoker.invokeMethod(Invoker.java:673)
	at org.testng.internal.Invoker.invokeTestMethod(Invoker.java:842)
	at org.testng.internal.Invoker.invokeTestMethods(Invoker.java:1166)
	at org.testng.internal.TestMethodWorker.invokeTestMethods(TestMethodWorker.java:125)
	at org.testng.internal.TestMethodWorker.run(TestMethodWorker.java:109)
	at org.testng.TestRunner.runWorkers(TestRunner.java:1172)
	at org.testng.TestRunner.privateRun(TestRunner.java:757)
	at org.testng.TestRunner.run(TestRunner.java:608)
	at org.testng.SuiteRunner.runTest(SuiteRunner.java:334)
	at org.testng.SuiteRunner.runSequentially(SuiteRunner.java:329)
	at org.testng.SuiteRunner.privateRun(SuiteRunner.java:291)
	at org.testng.SuiteRunner.run(SuiteRunner.java:240)
	at org.testng.SuiteRunnerWorker.runSuite(SuiteRunnerWorker.java:52)
	at org.testng.SuiteRunnerWorker.run(SuiteRunnerWorker.java:86)
	at org.testng.TestNG.runSuitesSequentially(TestNG.java:1158)
	at org.testng.TestNG.runSuitesLocally(TestNG.java:1083)
	at org.testng.TestNG.run(TestNG.java:999)
	at org.testng.remote.AbstractRemoteTestNG.run(AbstractRemoteTestNG.java:115)
	at org.testng.remote.RemoteTestNG.initAndRun(RemoteTestNG.java:251)
	at org.testng.remote.RemoteTestNG.main(RemoteTestNG.java:77)
]]>
            </full-stacktrace>
          </exception>
        </test-method>
      </class>
      <class name="assets.UploadimageAsset">
        <test-method signature="postCofiguration()" started-at="2024-07-01T15:03:58Z" name="postCofiguration" finished-at="2024-07-01T15:03:59Z" duration-ms="1141" status="PASS">
        </test-method>
        <test-method signature="getallasets()" started-at="2024-07-01T15:04:39Z" name="getallasets" finished-at="2024-07-01T15:04:46Z" duration-ms="6994" status="PASS">
        </test-method>
        <test-method signature="getallasetsdetails()" started-at="2024-07-01T15:05:18Z" name="getallasetsdetails" finished-at="2024-07-01T15:05:20Z" duration-ms="1432" status="PASS">
        </test-method>
        <test-method signature="uploadimage()" started-at="2024-07-01T15:05:38Z" name="uploadimage" finished-at="2024-07-01T15:05:40Z" duration-ms="1471" status="PASS">
        </test-method>
      </class>
      <class name="assets.AssetResolveDefect">
        <test-method signature="postCofiguration()" started-at="2024-07-01T15:03:53Z" name="postCofiguration" finished-at="2024-07-01T15:03:54Z" duration-ms="1119" status="PASS">
        </test-method>
        <test-method signature="getallasets()" started-at="2024-07-01T15:04:23Z" name="getallasets" finished-at="2024-07-01T15:04:31Z" duration-ms="7788" status="PASS">
        </test-method>
        <test-method signature="getallasetsdetails()" started-at="2024-07-01T15:05:15Z" name="getallasetsdetails" finished-at="2024-07-01T15:05:17Z" duration-ms="1552" status="PASS">
        </test-method>
        <test-method signature="uploadimage()" started-at="2024-07-01T15:05:37Z" name="uploadimage" finished-at="2024-07-01T15:05:38Z" duration-ms="1616" status="PASS">
        </test-method>
        <test-method signature="VehicleResolveDefect()" started-at="2024-07-01T15:05:40Z" name="VehicleResolveDefect" finished-at="2024-07-01T15:05:41Z" duration-ms="1146" status="PASS">
        </test-method>
      </class>
    </test>
  </suite>
</testng-results>
